<?xml version="1.0" encoding="UTF-8"?>
<!-- Generated by org.testng.reporters.JUnitReportReporter -->
<testsuite hostname="TL360" failures="0" tests="3" name="vtigerPractice.Demo" time="0.012" errors="0" timestamp="2021-08-19T18:07:05 IST" skipped="0">
  <testcase classname="vtigerPractice.Demo" name="add" time="0.008"/>
  <system-out/>
  <testcase classname="vtigerPractice.Demo" name="all" time="0.002"/>
  <system-out/>
  <testcase classname="vtigerPractice.Demo" name="sub" time="0.002"/>
  <system-out/>
</testsuite> <!-- vtigerPractice.Demo -->
